<?xml version="1.0" encoding="UTF-8"?>
<!-- Generated by org.testng.reporters.JUnitXMLReporter -->
<testsuite hostname="amit" ignored="0" name="Test" tests="3" failures="3" timestamp="20 Sep 2017 16:23:46 GMT" time="32.062" errors="0">
  <testcase name="test_Home_Page_Appear_Correct" time="8.693" classname="Test.NoPOMTest99GuruLogin">
    <failure type="java.lang.AssertionError" message="expected [true] but found [false]">
      <![CDATA[java.lang.AssertionError: expected [true] but found [false]
	at Test.NoPOMTest99GuruLogin.test_Home_Page_Appear_Correct(NoPOMTest99GuruLogin.java:36)
... Removed 29 stack frames]]>
    </failure>
  </testcase> <!-- test_Home_Page_Appear_Correct -->
  <testcase name="test_Home_Page_Appear_Correct" time="0.038" classname="Test.Test99GuruLoginWithPageFactory">
    <failure type="java.lang.NullPointerException">
      <![CDATA[java.lang.NullPointerException
	at org.openqa.selenium.support.pagefactory.DefaultElementLocator.findElement(DefaultElementLocator.java:69)
	at org.openqa.selenium.support.pagefactory.internal.LocatingElementHandler.invoke(LocatingElementHandler.java:38)
	at com.sun.proxy.$Proxy8.getText(Unknown Source)
	at PageFactory.Guru99Login.getLoginTitle(Guru99Login.java:50)
	at Test.Test99GuruLoginWithPageFactory.test_Home_Page_Appear_Correct(Test99GuruLoginWithPageFactory.java:37)
... Removed 25 stack frames]]>
    </failure>
  </testcase> <!-- test_Home_Page_Appear_Correct -->
  <testcase name="test_Home_Page_Appear_Correct" time="0.012" classname="Test.Test99GuruLogin">
    <failure type="java.lang.NullPointerException">
      <![CDATA[java.lang.NullPointerException
	at org.openqa.selenium.support.pagefactory.DefaultElementLocator.findElement(DefaultElementLocator.java:69)
	at org.openqa.selenium.support.pagefactory.internal.LocatingElementHandler.invoke(LocatingElementHandler.java:38)
	at com.sun.proxy.$Proxy8.getText(Unknown Source)
	at PageFactory.Guru99Login.getLoginTitle(Guru99Login.java:50)
	at Test.Test99GuruLogin.test_Home_Page_Appear_Correct(Test99GuruLogin.java:35)
... Removed 25 stack frames]]>
    </failure>
  </testcase> <!-- test_Home_Page_Appear_Correct -->
</testsuite> <!-- Test -->
